DEBUG   machine:simulation    TICK:   0 PC:   8 DA:   8 AC: 0 DR: 0 CR: 0 BR: 0 RSP: 996 DSP: 47 loadimm 43 [0x8 -    300002B - loadimm (0000002B)]
DEBUG   machine:simulation    TICK:   3 PC:  12 DA:  51 AC: 43 DR: 0 CR: 50331691 BR: 43 RSP: 996 DSP: 51 popac [0x8 -         32 - popac]
DEBUG   machine:simulation    TICK:   6 PC:  13 DA:  51 AC: 43 DR: 0 CR: 839004674 BR: 43 RSP: 996 DSP: 51 load [0x8 -          2 - load]
DEBUG   machine:simulation    TICK:  10 PC:  14 DA:  43 AC: 43 DR: 0 CR: 36831798 BR: 43 RSP: 996 DSP: 47 popac [0x8 -         32 - popac]
DEBUG   machine:simulation    TICK:  15 PC:  15 DA:  51 AC: 0 DR: 0 CR: 839005699 BR: 43 RSP: 996 DSP: 51 load [0x8 -          2 - load]
DEBUG   machine:simulation    TICK:  19 PC:  16 DA:   0 AC: 0 DR: 0 CR: 37094144 BR: 43 RSP: 996 DSP: 47 dup [0x8 -         36 - dup]
DEBUG   machine:simulation    TICK:  24 PC:  17 DA:  51 AC: 102 DR: 0 CR: 906166272 BR: 43 RSP: 996 DSP: 51 loadimm 0 [0x8 -    3000000 - loadimm (00000000)]
DEBUG   machine:simulation    TICK:  29 PC:  21 DA:  59 AC: 0 DR: 0 CR: 50331648 BR: 0 RSP: 996 DSP: 59 popac [0x8 -         32 - popac]
DEBUG   machine:simulation    TICK:  32 PC:  22 DA:  59 AC: 0 DR: 0 CR: 842277938 BR: 0 RSP: 996 DSP: 59 popdr [0x8 -         34 - popdr]
DEBUG   machine:simulation    TICK:  36 PC:  23 DA:  55 AC: 0 DR: 0 CR: 874787345 BR: 0 RSP: 996 DSP: 55 greater [0x8 -         24 - greater]
DEBUG   machine:simulation    TICK:  40 PC:  24 DA:  55 AC: -1 DR: 102 CR: 607260928 BR: 0 RSP: 996 DSP: 55 popac [0x8 -         32 - popac]
DEBUG   machine:simulation    TICK:  43 PC:  25 DA:  55 AC: -1 DR: 102 CR: 839974912 BR: 0 RSP: 996 DSP: 55 while 42 [0x8 -   1100002A - while (0000002A)]
DEBUG   machine:simulation    TICK:  48 PC:  29 DA:  29 AC: -1 DR: 102 CR: 285212714 BR: 42 RSP: 996 DSP: 51 loadimm 47 [0x8 -    300002F - loadimm (0000002F)]
DEBUG   machine:simulation    TICK:  51 PC:  33 DA:  55 AC: 47 DR: 102 CR: 50331695 BR: 47 RSP: 996 DSP: 55 popac [0x8 -         32 - popac]
DEBUG   machine:simulation    TICK:  54 PC:  34 DA:  55 AC: 47 DR: 102 CR: 839005234 BR: 47 RSP: 996 DSP: 55 load [0x8 -          2 - load]
DEBUG   machine:simulation    TICK:  58 PC:  35 DA:  47 AC: 47 DR: 102 CR: 36975152 BR: 47 RSP: 996 DSP: 51 popdr [0x8 -         34 - popdr]
DEBUG   machine:simulation    TICK:  63 PC:  36 DA:  55 AC: 4 DR: 102 CR: 875704339 BR: 47 RSP: 996 DSP: 55 popac [0x8 -         32 - popac]
DEBUG   machine:simulation    TICK:  67 PC:  37 DA:  51 AC: 4 DR: 4 CR: 842011392 BR: 47 RSP: 996 DSP: 51 save [0x8 -         30 - save]
DEBUG   machine:simulation    TICK:  71 PC:  38 DA:   4 AC: 102 DR: 4 CR: 806551552 BR: 47 RSP: 996 DSP: 47 repeat 8 [0x8 -   13000008 - repeat (00000008)]
DEBUG   machine:simulation    TICK:  75 PC:   8 DA:   8 AC: 102 DR: 4 CR: 318767112 BR: 8 RSP: 996 DSP: 47 loadimm 43 [0x8 -    300002B - loadimm (0000002B)]
DEBUG   machine:simulation    TICK:  78 PC:  12 DA:  51 AC: 43 DR: 4 CR: 50331691 BR: 43 RSP: 996 DSP: 51 popac [0x8 -         32 - popac]
DEBUG   machine:simulation    TICK:  81 PC:  13 DA:  51 AC: 43 DR: 4 CR: 839004674 BR: 43 RSP: 996 DSP: 51 load [0x8 -          2 - load]
DEBUG   machine:simulation    TICK:  85 PC:  14 DA:  43 AC: 43 DR: 4 CR: 36831798 BR: 43 RSP: 996 DSP: 47 popac [0x8 -         32 - popac]
DEBUG   machine:simulation    TICK:  90 PC:  15 DA:  51 AC: 0 DR: 4 CR: 839005699 BR: 43 RSP: 996 DSP: 51 load [0x8 -          2 - load]
DEBUG   machine:simulation    TICK:  94 PC:  16 DA:   0 AC: 0 DR: 4 CR: 37094144 BR: 43 RSP: 996 DSP: 47 dup [0x8 -         36 - dup]
DEBUG   machine:simulation    TICK:  99 PC:  17 DA:  51 AC: 111 DR: 4 CR: 906166272 BR: 43 RSP: 996 DSP: 51 loadimm 0 [0x8 -    3000000 - loadimm (00000000)]
DEBUG   machine:simulation    TICK: 104 PC:  21 DA:  59 AC: 0 DR: 4 CR: 50331648 BR: 0 RSP: 996 DSP: 59 popac [0x8 -         32 - popac]
DEBUG   machine:simulation    TICK: 107 PC:  22 DA:  59 AC: 0 DR: 4 CR: 842277938 BR: 0 RSP: 996 DSP: 59 popdr [0x8 -         34 - popdr]
DEBUG   machine:simulation    TICK: 111 PC:  23 DA:  55 AC: 0 DR: 4 CR: 874787345 BR: 0 RSP: 996 DSP: 55 greater [0x8 -         24 - greater]
DEBUG   machine:simulation    TICK: 115 PC:  24 DA:  55 AC: -1 DR: 111 CR: 607260928 BR: 0 RSP: 996 DSP: 55 popac [0x8 -         32 - popac]
DEBUG   machine:simulation    TICK: 118 PC:  25 DA:  55 AC: -1 DR: 111 CR: 839974912 BR: 0 RSP: 996 DSP: 55 while 42 [0x8 -   1100002A - while (0000002A)]
DEBUG   machine:simulation    TICK: 123 PC:  29 DA:  29 AC: -1 DR: 111 CR: 285212714 BR: 42 RSP: 996 DSP: 51 loadimm 47 [0x8 -    300002F - loadimm (0000002F)]
DEBUG   machine:simulation    TICK: 126 PC:  33 DA:  55 AC: 47 DR: 111 CR: 50331695 BR: 47 RSP: 996 DSP: 55 popac [0x8 -         32 - popac]
DEBUG   machine:simulation    TICK: 129 PC:  34 DA:  55 AC: 47 DR: 111 CR: 839005234 BR: 47 RSP: 996 DSP: 55 load [0x8 -          2 - load]
DEBUG   machine:simulation    TICK: 133 PC:  35 DA:  47 AC: 47 DR: 111 CR: 36975152 BR: 47 RSP: 996 DSP: 51 popdr [0x8 -         34 - popdr]
DEBUG   machine:simulation    TICK: 138 PC:  36 DA:  55 AC: 4 DR: 111 CR: 875704339 BR: 47 RSP: 996 DSP: 55 popac [0x8 -         32 - popac]
DEBUG   machine:simulation    TICK: 142 PC:  37 DA:  51 AC: 4 DR: 4 CR: 842011392 BR: 47 RSP: 996 DSP: 51 save [0x8 -         30 - save]
DEBUG   machine:simulation    TICK: 146 PC:  38 DA:   4 AC: 111 DR: 4 CR: 806551552 BR: 47 RSP: 996 DSP: 47 repeat 8 [0x8 -   13000008 - repeat (00000008)]
DEBUG   machine:simulation    TICK: 150 PC:   8 DA:   8 AC: 111 DR: 4 CR: 318767112 BR: 8 RSP: 996 DSP: 47 loadimm 43 [0x8 -    300002B - loadimm (0000002B)]
DEBUG   machine:simulation    TICK: 153 PC:  12 DA:  51 AC: 43 DR: 4 CR: 50331691 BR: 43 RSP: 996 DSP: 51 popac [0x8 -         32 - popac]
DEBUG   machine:simulation    TICK: 156 PC:  13 DA:  51 AC: 43 DR: 4 CR: 839004674 BR: 43 RSP: 996 DSP: 51 load [0x8 -          2 - load]
DEBUG   machine:simulation    TICK: 160 PC:  14 DA:  43 AC: 43 DR: 4 CR: 36831798 BR: 43 RSP: 996 DSP: 47 popac [0x8 -         32 - popac]
DEBUG   machine:simulation    TICK: 165 PC:  15 DA:  51 AC: 0 DR: 4 CR: 839005699 BR: 43 RSP: 996 DSP: 51 load [0x8 -          2 - load]
DEBUG   machine:simulation    TICK: 169 PC:  16 DA:   0 AC: 0 DR: 4 CR: 37094144 BR: 43 RSP: 996 DSP: 47 dup [0x8 -         36 - dup]
DEBUG   machine:simulation    TICK: 174 PC:  17 DA:  51 AC: 111 DR: 4 CR: 906166272 BR: 43 RSP: 996 DSP: 51 loadimm 0 [0x8 -    3000000 - loadimm (00000000)]
DEBUG   machine:simulation    TICK: 179 PC:  21 DA:  59 AC: 0 DR: 4 CR: 50331648 BR: 0 RSP: 996 DSP: 59 popac [0x8 -         32 - popac]
DEBUG   machine:simulation    TICK: 182 PC:  22 DA:  59 AC: 0 DR: 4 CR: 842277938 BR: 0 RSP: 996 DSP: 59 popdr [0x8 -         34 - popdr]
DEBUG   machine:simulation    TICK: 186 PC:  23 DA:  55 AC: 0 DR: 4 CR: 874787345 BR: 0 RSP: 996 DSP: 55 greater [0x8 -         24 - greater]
DEBUG   machine:simulation    TICK: 190 PC:  24 DA:  55 AC: -1 DR: 111 CR: 607260928 BR: 0 RSP: 996 DSP: 55 popac [0x8 -         32 - popac]
DEBUG   machine:simulation    TICK: 193 PC:  25 DA:  55 AC: -1 DR: 111 CR: 839974912 BR: 0 RSP: 996 DSP: 55 while 42 [0x8 -   1100002A - while (0000002A)]
DEBUG   machine:simulation    TICK: 198 PC:  29 DA:  29 AC: -1 DR: 111 CR: 285212714 BR: 42 RSP: 996 DSP: 51 loadimm 47 [0x8 -    300002F - loadimm (0000002F)]
DEBUG   machine:simulation    TICK: 201 PC:  33 DA:  55 AC: 47 DR: 111 CR: 50331695 BR: 47 RSP: 996 DSP: 55 popac [0x8 -         32 - popac]
DEBUG   machine:simulation    TICK: 204 PC:  34 DA:  55 AC: 47 DR: 111 CR: 839005234 BR: 47 RSP: 996 DSP: 55 load [0x8 -          2 - load]
DEBUG   machine:simulation    TICK: 208 PC:  35 DA:  47 AC: 47 DR: 111 CR: 36975152 BR: 47 RSP: 996 DSP: 51 popdr [0x8 -         34 - popdr]
DEBUG   machine:simulation    TICK: 213 PC:  36 DA:  55 AC: 4 DR: 111 CR: 875704339 BR: 47 RSP: 996 DSP: 55 popac [0x8 -         32 - popac]
DEBUG   machine:simulation    TICK: 217 PC:  37 DA:  51 AC: 4 DR: 4 CR: 842011392 BR: 47 RSP: 996 DSP: 51 save [0x8 -         30 - save]
DEBUG   machine:simulation    TICK: 221 PC:  38 DA:   4 AC: 111 DR: 4 CR: 806551552 BR: 47 RSP: 996 DSP: 47 repeat 8 [0x8 -   13000008 - repeat (00000008)]
DEBUG   machine:simulation    TICK: 225 PC:   8 DA:   8 AC: 111 DR: 4 CR: 318767112 BR: 8 RSP: 996 DSP: 47 loadimm 43 [0x8 -    300002B - loadimm (0000002B)]
DEBUG   machine:simulation    TICK: 228 PC:  12 DA:  51 AC: 43 DR: 4 CR: 50331691 BR: 43 RSP: 996 DSP: 51 popac [0x8 -         32 - popac]
DEBUG   machine:simulation    TICK: 231 PC:  13 DA:  51 AC: 43 DR: 4 CR: 839004674 BR: 43 RSP: 996 DSP: 51 load [0x8 -          2 - load]
DEBUG   machine:simulation    TICK: 235 PC:  14 DA:  43 AC: 43 DR: 4 CR: 36831798 BR: 43 RSP: 996 DSP: 47 popac [0x8 -         32 - popac]
DEBUG   machine:simulation    TICK: 240 PC:  15 DA:  51 AC: 0 DR: 4 CR: 839005699 BR: 43 RSP: 996 DSP: 51 load [0x8 -          2 - load]
DEBUG   machine:simulation    TICK: 244 PC:  16 DA:   0 AC: 0 DR: 4 CR: 37094144 BR: 43 RSP: 996 DSP: 47 dup [0x8 -         36 - dup]
DEBUG   machine:simulation    TICK: 249 PC:  17 DA:  51 AC: 0 DR: 4 CR: 906166272 BR: 43 RSP: 996 DSP: 51 loadimm 0 [0x8 -    3000000 - loadimm (00000000)]
DEBUG   machine:simulation    TICK: 254 PC:  21 DA:  59 AC: 0 DR: 4 CR: 50331648 BR: 0 RSP: 996 DSP: 59 popac [0x8 -         32 - popac]
DEBUG   machine:simulation    TICK: 257 PC:  22 DA:  59 AC: 0 DR: 4 CR: 842277938 BR: 0 RSP: 996 DSP: 59 popdr [0x8 -         34 - popdr]
DEBUG   machine:simulation    TICK: 261 PC:  23 DA:  55 AC: 0 DR: 4 CR: 874787345 BR: 0 RSP: 996 DSP: 55 greater [0x8 -         24 - greater]
DEBUG   machine:simulation    TICK: 265 PC:  24 DA:  55 AC: 0 DR: 0 CR: 607260928 BR: 0 RSP: 996 DSP: 55 popac [0x8 -         32 - popac]
DEBUG   machine:simulation    TICK: 268 PC:  25 DA:  55 AC: 0 DR: 0 CR: 839974912 BR: 0 RSP: 996 DSP: 55 while 42 [0x8 -   1100002A - while (0000002A)]
DEBUG   machine:simulation    TICK: 273 PC:  42 DA:  42 AC: 0 DR: 0 CR: 285212714 BR: 42 RSP: 996 DSP: 51 halt [0x8 -         26 - halt]
INFO   machine:simulation    output_buffer: [102, 111, 111]
