DEBUG   machine:simulation    TICK:   0 PC:   8 DA:   8 AC: 0 DR: 0 CR: 0 BR: 0 RSP: 996 DSP: 121 loadimm 105 [0x8 -    3000069 - loadimm (00000069)]
DEBUG   machine:simulation    TICK:   3 PC:  12 DA: 125 AC: 105 DR: 0 CR: 50331753 BR: 105 RSP: 996 DSP: 125 loadimm 4 [0x8 -    3000004 - loadimm (00000004)]
DEBUG   machine:simulation    TICK:   6 PC:  16 DA: 129 AC: 4 DR: 0 CR: 50331652 BR: 4 RSP: 996 DSP: 129 popac [0x8 -         32 - popac]
DEBUG   machine:simulation    TICK:   9 PC:  17 DA: 129 AC: 4 DR: 0 CR: 842269746 BR: 4 RSP: 996 DSP: 129 popdr [0x8 -         34 - popdr]
DEBUG   machine:simulation    TICK:  13 PC:  18 DA: 125 AC: 4 DR: 0 CR: 872690178 BR: 4 RSP: 996 DSP: 125 add [0x8 -          4 - add]
DEBUG   machine:simulation    TICK:  17 PC:  19 DA: 125 AC: 109 DR: 105 CR: 70386179 BR: 4 RSP: 996 DSP: 125 popac [0x8 -         32 - popac]
DEBUG   machine:simulation    TICK:  20 PC:  20 DA: 125 AC: 109 DR: 105 CR: 838992640 BR: 4 RSP: 996 DSP: 125 load [0x8 -          2 - load]
DEBUG   machine:simulation    TICK:  24 PC:  21 DA: 109 AC: 109 DR: 105 CR: 33751040 BR: 4 RSP: 996 DSP: 121 loadimm 113 [0x8 -    3000071 - loadimm (00000071)]
DEBUG   machine:simulation    TICK:  29 PC:  25 DA: 129 AC: 113 DR: 105 CR: 50331761 BR: 113 RSP: 996 DSP: 129 loadimm 4 [0x8 -    3000004 - loadimm (00000004)]
DEBUG   machine:simulation    TICK:  32 PC:  29 DA: 133 AC: 4 DR: 105 CR: 50331652 BR: 4 RSP: 996 DSP: 133 popac [0x8 -         32 - popac]
DEBUG   machine:simulation    TICK:  35 PC:  30 DA: 133 AC: 4 DR: 105 CR: 842269746 BR: 4 RSP: 996 DSP: 133 popdr [0x8 -         34 - popdr]
DEBUG   machine:simulation    TICK:  39 PC:  31 DA: 129 AC: 4 DR: 105 CR: 872690178 BR: 4 RSP: 996 DSP: 129 add [0x8 -          4 - add]
DEBUG   machine:simulation    TICK:  43 PC:  32 DA: 129 AC: 117 DR: 113 CR: 70386226 BR: 4 RSP: 996 DSP: 129 popac [0x8 -         32 - popac]
DEBUG   machine:simulation    TICK:  46 PC:  33 DA: 129 AC: 117 DR: 113 CR: 839004724 BR: 4 RSP: 996 DSP: 129 load [0x8 -          2 - load]
DEBUG   machine:simulation    TICK:  50 PC:  34 DA: 117 AC: 117 DR: 113 CR: 36844548 BR: 4 RSP: 996 DSP: 125 popac [0x8 -         32 - popac]
DEBUG   machine:simulation    TICK:  55 PC:  35 DA: 129 AC: 0 DR: 113 CR: 842269699 BR: 4 RSP: 996 DSP: 129 popdr [0x8 -         34 - popdr]
DEBUG   machine:simulation    TICK:  59 PC:  36 DA: 125 AC: 0 DR: 113 CR: 872678144 BR: 4 RSP: 996 DSP: 125 add [0x8 -          4 - add]
DEBUG   machine:simulation    TICK:  63 PC:  37 DA: 125 AC: -1 DR: -1 CR: 67305472 BR: 4 RSP: 996 DSP: 125 loadimm 121 [0x8 -    3000079 - loadimm (00000079)]
DEBUG   machine:simulation    TICK:  66 PC:  41 DA: 129 AC: 121 DR: -1 CR: 50331769 BR: 121 RSP: 996 DSP: 129 popdr [0x8 -         34 - popdr]
DEBUG   machine:simulation    TICK:  69 PC:  42 DA: 129 AC: 121 DR: -1 CR: 875704323 BR: 121 RSP: 996 DSP: 129 popac [0x8 -         32 - popac]
DEBUG   machine:simulation    TICK:  73 PC:  43 DA: 125 AC: 121 DR: 121 CR: 842007296 BR: 121 RSP: 996 DSP: 125 save [0x8 -         30 - save]
DEBUG   machine:simulation    TICK:  77 PC:  44 DA: 121 AC: -1 DR: 121 CR: 805502976 BR: 121 RSP: 996 DSP: 121 loadimm 105 [0x8 -    3000069 - loadimm (00000069)]
DEBUG   machine:simulation    TICK:  80 PC:  48 DA: 125 AC: 105 DR: 121 CR: 50331753 BR: 105 RSP: 996 DSP: 125 popac [0x8 -         32 - popac]
DEBUG   machine:simulation    TICK:  83 PC:  49 DA: 125 AC: 105 DR: 121 CR: 838992640 BR: 105 RSP: 996 DSP: 125 load [0x8 -          2 - load]
DEBUG   machine:simulation    TICK:  87 PC:  50 DA: 105 AC: 105 DR: 121 CR: 33751040 BR: 105 RSP: 996 DSP: 121 loadimm 113 [0x8 -    3000071 - loadimm (00000071)]
DEBUG   machine:simulation    TICK:  92 PC:  54 DA: 129 AC: 113 DR: 121 CR: 50331761 BR: 113 RSP: 996 DSP: 129 popac [0x8 -         32 - popac]
DEBUG   machine:simulation    TICK:  95 PC:  55 DA: 129 AC: 113 DR: 121 CR: 839004724 BR: 113 RSP: 996 DSP: 129 load [0x8 -          2 - load]
DEBUG   machine:simulation    TICK:  99 PC:  56 DA: 113 AC: 113 DR: 121 CR: 36844548 BR: 113 RSP: 996 DSP: 125 popac [0x8 -         32 - popac]
DEBUG   machine:simulation    TICK: 104 PC:  57 DA: 129 AC: 1 DR: 121 CR: 842269699 BR: 113 RSP: 996 DSP: 129 popdr [0x8 -         34 - popdr]
DEBUG   machine:simulation    TICK: 108 PC:  58 DA: 125 AC: 1 DR: 121 CR: 872678144 BR: 113 RSP: 996 DSP: 125 add [0x8 -          4 - add]
DEBUG   machine:simulation    TICK: 112 PC:  59 DA: 125 AC: 4097 DR: 4096 CR: 67305472 BR: 113 RSP: 996 DSP: 125 loadimm 117 [0x8 -    3000075 - loadimm (00000075)]
DEBUG   machine:simulation    TICK: 115 PC:  63 DA: 129 AC: 117 DR: 4096 CR: 50331765 BR: 117 RSP: 996 DSP: 129 popdr [0x8 -         34 - popdr]
DEBUG   machine:simulation    TICK: 118 PC:  64 DA: 129 AC: 117 DR: 4096 CR: 875704323 BR: 117 RSP: 996 DSP: 129 popac [0x8 -         32 - popac]
DEBUG   machine:simulation    TICK: 122 PC:  65 DA: 125 AC: 117 DR: 117 CR: 842007296 BR: 117 RSP: 996 DSP: 125 save [0x8 -         30 - save]
DEBUG   machine:simulation    TICK: 126 PC:  66 DA: 117 AC: 4097 DR: 117 CR: 805502976 BR: 117 RSP: 996 DSP: 121 loadimm 117 [0x8 -    3000075 - loadimm (00000075)]
DEBUG   machine:simulation    TICK: 129 PC:  70 DA: 125 AC: 117 DR: 117 CR: 50331765 BR: 117 RSP: 996 DSP: 125 popac [0x8 -         32 - popac]
DEBUG   machine:simulation    TICK: 132 PC:  71 DA: 125 AC: 117 DR: 117 CR: 838992640 BR: 117 RSP: 996 DSP: 125 load [0x8 -          2 - load]
DEBUG   machine:simulation    TICK: 136 PC:  72 DA: 117 AC: 117 DR: 117 CR: 33751040 BR: 117 RSP: 996 DSP: 121 loadimm 101 [0x8 -    3000065 - loadimm (00000065)]
DEBUG   machine:simulation    TICK: 141 PC:  76 DA: 129 AC: 101 DR: 117 CR: 50331749 BR: 101 RSP: 996 DSP: 129 popac [0x8 -         32 - popac]
DEBUG   machine:simulation    TICK: 144 PC:  77 DA: 129 AC: 101 DR: 117 CR: 839005234 BR: 101 RSP: 996 DSP: 129 load [0x8 -          2 - load]
DEBUG   machine:simulation    TICK: 148 PC:  78 DA: 101 AC: 101 DR: 117 CR: 36975152 BR: 101 RSP: 996 DSP: 125 popdr [0x8 -         34 - popdr]
DEBUG   machine:simulation    TICK: 153 PC:  79 DA: 129 AC: 4 DR: 117 CR: 875704323 BR: 101 RSP: 996 DSP: 129 popac [0x8 -         32 - popac]
DEBUG   machine:simulation    TICK: 157 PC:  80 DA: 125 AC: 4 DR: 4 CR: 842007296 BR: 101 RSP: 996 DSP: 125 save [0x8 -         30 - save]
DEBUG   machine:simulation    TICK: 161 PC:  81 DA:   4 AC: 4097 DR: 4 CR: 805502976 BR: 101 RSP: 996 DSP: 121 loadimm 121 [0x8 -    3000079 - loadimm (00000079)]
DEBUG   machine:simulation    TICK: 164 PC:  85 DA: 125 AC: 121 DR: 4 CR: 50331769 BR: 121 RSP: 996 DSP: 125 popac [0x8 -         32 - popac]
DEBUG   machine:simulation    TICK: 167 PC:  86 DA: 125 AC: 121 DR: 4 CR: 838992640 BR: 121 RSP: 996 DSP: 125 load [0x8 -          2 - load]
DEBUG   machine:simulation    TICK: 171 PC:  87 DA: 121 AC: 121 DR: 4 CR: 33751040 BR: 121 RSP: 996 DSP: 121 loadimm 101 [0x8 -    3000065 - loadimm (00000065)]
DEBUG   machine:simulation    TICK: 176 PC:  91 DA: 129 AC: 101 DR: 4 CR: 50331749 BR: 101 RSP: 996 DSP: 129 popac [0x8 -         32 - popac]
DEBUG   machine:simulation    TICK: 179 PC:  92 DA: 129 AC: 101 DR: 4 CR: 839005234 BR: 101 RSP: 996 DSP: 129 load [0x8 -          2 - load]
DEBUG   machine:simulation    TICK: 183 PC:  93 DA: 101 AC: 101 DR: 4 CR: 36975152 BR: 101 RSP: 996 DSP: 125 popdr [0x8 -         34 - popdr]
DEBUG   machine:simulation    TICK: 188 PC:  94 DA: 129 AC: 4 DR: 4 CR: 875704358 BR: 101 RSP: 996 DSP: 129 popac [0x8 -         32 - popac]
DEBUG   machine:simulation    TICK: 192 PC:  95 DA: 125 AC: 4 DR: 4 CR: 842016256 BR: 101 RSP: 996 DSP: 125 save [0x8 -         30 - save]
DEBUG   machine:simulation    TICK: 196 PC:  96 DA:   4 AC: -1 DR: 4 CR: 807796736 BR: 101 RSP: 996 DSP: 121 halt [0x8 -         26 - halt]
INFO   machine:simulation    output_buffer: [4097, -1]
